
startup.bin:     file format binary


Disassembly of section .data:

00000000 <.data>:
   0:	e59f0188 	ldr	r0, [pc, #392]	; 0x190
   4:	e59f1188 	ldr	r1, [pc, #392]	; 0x194
   8:	e5801000 	str	r1, [r0]
   c:	e59f0184 	ldr	r0, [pc, #388]	; 0x198
  10:	e5901000 	ldr	r1, [r0]
  14:	e3c1160e 	bic	r1, r1, #14680064	; 0xe00000
  18:	e5801000 	str	r1, [r0]
  1c:	e59f0178 	ldr	r0, [pc, #376]	; 0x19c
  20:	e3a01602 	mov	r1, #2097152	; 0x200000
  24:	e5801000 	str	r1, [r0]
  28:	e59f0170 	ldr	r0, [pc, #368]	; 0x1a0
  2c:	e3a01030 	mov	r1, #48	; 0x30
  30:	e5801000 	str	r1, [r0]
  34:	e59f0168 	ldr	r0, [pc, #360]	; 0x1a4
  38:	e3a01000 	mov	r1, #0
  3c:	e5801000 	str	r1, [r0]
  40:	e59f0160 	ldr	r0, [pc, #352]	; 0x1a8
  44:	e5901000 	ldr	r1, [r0]
  48:	e3c11003 	bic	r1, r1, #3
  4c:	e3811002 	orr	r1, r1, #2
  50:	e5801000 	str	r1, [r0]
  54:	e59f0150 	ldr	r0, [pc, #336]	; 0x1ac
  58:	e5901000 	ldr	r1, [r0]
  5c:	e3c11003 	bic	r1, r1, #3
  60:	e3811002 	orr	r1, r1, #2
  64:	e5801000 	str	r1, [r0]
  68:	e59f0140 	ldr	r0, [pc, #320]	; 0x1b0
  6c:	e5901000 	ldr	r1, [r0]
  70:	e3c11003 	bic	r1, r1, #3
  74:	e3811002 	orr	r1, r1, #2
  78:	e5801000 	str	r1, [r0]
  7c:	e59f0130 	ldr	r0, [pc, #304]	; 0x1b4
  80:	e5901000 	ldr	r1, [r0]
  84:	e3c11003 	bic	r1, r1, #3
  88:	e3811002 	orr	r1, r1, #2
  8c:	e5801000 	str	r1, [r0]
  90:	e59f0120 	ldr	r0, [pc, #288]	; 0x1b8
  94:	e5901000 	ldr	r1, [r0]
  98:	e3811002 	orr	r1, r1, #2
  9c:	e5801000 	str	r1, [r0]
  a0:	e59f0114 	ldr	r0, [pc, #276]	; 0x1bc
  a4:	e5901000 	ldr	r1, [r0]
  a8:	e2111001 	ands	r1, r1, #1
  ac:	0afffffe 	beq	0xac
  b0:	e59f0100 	ldr	r0, [pc, #256]	; 0x1b8
  b4:	e5901000 	ldr	r1, [r0]
  b8:	e3811008 	orr	r1, r1, #8
  bc:	e5801000 	str	r1, [r0]
  c0:	e59f00f8 	ldr	r0, [pc, #248]	; 0x1c0
  c4:	e3a0101a 	mov	r1, #26
  c8:	e5d03014 	ldrb	r3, [r0, #20]
  cc:	e6ef3073 	uxtb	r3, r3
  d0:	e3130040 	tst	r3, #64	; 0x40
  d4:	0afffffb 	beq	0xc8
  d8:	e3a03000 	mov	r3, #0
  dc:	e5c03004 	strb	r3, [r0, #4]
  e0:	e3a03007 	mov	r3, #7
  e4:	e5c03020 	strb	r3, [r0, #32]
  e8:	e3e0307c 	mvn	r3, #124	; 0x7c
  ec:	e5c0300c 	strb	r3, [r0, #12]
  f0:	e3a03000 	mov	r3, #0
  f4:	e5c03000 	strb	r3, [r0]
  f8:	e5c03004 	strb	r3, [r0, #4]
  fc:	e3a03003 	mov	r3, #3
 100:	e5c0300c 	strb	r3, [r0, #12]
 104:	e5c03010 	strb	r3, [r0, #16]
 108:	e3a03007 	mov	r3, #7
 10c:	e5c03008 	strb	r3, [r0, #8]
 110:	e3e0307c 	mvn	r3, #124	; 0x7c
 114:	e5c0300c 	strb	r3, [r0, #12]
 118:	e6ef3071 	uxtb	r3, r1
 11c:	e5c03000 	strb	r3, [r0]
 120:	e7e71451 	ubfx	r1, r1, #8, #8
 124:	e5c01004 	strb	r1, [r0, #4]
 128:	e3a03003 	mov	r3, #3
 12c:	e5c0300c 	strb	r3, [r0, #12]
 130:	e3a03000 	mov	r3, #0
 134:	e5c03020 	strb	r3, [r0, #32]
 138:	e59f205c 	ldr	r2, [pc, #92]	; 0x19c
 13c:	e3a01501 	mov	r1, #4194304	; 0x400000
 140:	e5821000 	str	r1, [r2]
 144:	e59f1074 	ldr	r1, [pc, #116]	; 0x1c0
 148:	e3a00041 	mov	r0, #65	; 0x41
 14c:	e3500039 	cmp	r0, #57	; 0x39
 150:	c3a00030 	movgt	r0, #48	; 0x30
 154:	eb000007 	bl	0x178
 158:	e1a03000 	mov	r3, r0
 15c:	e3a0000d 	mov	r0, #13
 160:	eb000004 	bl	0x178
 164:	e3a0000a 	mov	r0, #10
 168:	eb000002 	bl	0x178
 16c:	e1a00003 	mov	r0, r3
 170:	e2800001 	add	r0, r0, #1
 174:	eafffff4 	b	0x14c
 178:	e5d12014 	ldrb	r2, [r1, #20]
 17c:	e6ef2072 	uxtb	r2, r2
 180:	e3120020 	tst	r2, #32
 184:	0afffffb 	beq	0x178
 188:	e5c10000 	strb	r0, [r1]
 18c:	e12fff1e 	bx	lr
 190:	44e000ac 	strbtmi	r0, [r0], #172	; 0xac
 194:	00040002 	andeq	r0, r4, r2
 198:	4804c134 	stmdami	r4, {r2, r4, r5, r8, lr, pc}
 19c:	4804c194 	stmdami	r4, {r2, r4, r7, r8, lr, pc}
 1a0:	44e10970 	strbtmi	r0, [r1], #2416	; 0x970
 1a4:	44e10974 	strbtmi	r0, [r1], #2420	; 0x974
 1a8:	44e00400 	strbtmi	r0, [r0], #1024	; 0x400
 1ac:	44e0011c 	strbtmi	r0, [r0], #284	; 0x11c
 1b0:	44e004b4 	strbtmi	r0, [r0], #1204	; 0x4b4
 1b4:	44e0006c 	strbtmi	r0, [r0], #108	; 0x6c
 1b8:	44e09054 	strbtmi	r9, [r0], #84	; 0x54
 1bc:	44e09058 	strbtmi	r9, [r0], #88	; 0x58
 1c0:	44e09000 	strbtmi	r9, [r0], #0
